[    0.000000] Initializing cgroup subsys cpuset
[    0.000000] Initializing cgroup subsys cpu
[    0.000000] Initializing cgroup subsys cpuacct
[    0.000000] Linux version 4.4.0-103-generic (buildd@lcy01-amd64-001) (gcc version 5.4.0 20160609 (Ubuntu 5.4.0-6ubuntu1~16.04.5) ) #126-Ubuntu SMP Mon Dec 4 16:23:28 UTC 2017 (Ubuntu 4.4.0-103.126-generic 4.4.98)
[    0.000000] Command line: BOOT_IMAGE=/boot/vmlinuz-4.4.0-103-generic root=LABEL=cloudimg-rootfs ro console=tty1 console=ttyS0
[    0.000000] KERNEL supported cpus:
[    0.000000]   Intel GenuineIntel
[    0.000000]   AMD AuthenticAMD
[    0.000000]   Centaur CentaurHauls
[    0.000000] ------------[ cut here ]------------
[    0.000000] WARNING: CPU: 0 PID: 0 at /build/linux-yM3O3R/linux-4.4.0/arch/x86/kernel/fpu/xstate.c:517 fpu__init_system_xstate+0x38b/0x75a()
[    0.000000] XSAVE consistency problem, dumping leaves
[    0.000000] Modules linked in:
[    0.000000] CPU: 0 PID: 0 Comm: swapper Not tainted 4.4.0-103-generic #126-Ubuntu
[    0.000000]  0000000000000086 9560b32ca66801ab ffffffff81e03d80 ffffffff813fb523
[    0.000000]  ffffffff81e03dc8 ffffffff81caaa28 ffffffff81e03db8 ffffffff810812e2
[    0.000000]  ffffffff81e03e48 ffffffff81e03e4c 0000000000000008 0000000000000100
[    0.000000] Call Trace:
[    0.000000]  [<ffffffff813fb523>] dump_stack+0x63/0x90
[    0.000000]  [<ffffffff810812e2>] warn_slowpath_common+0x82/0xc0
[    0.000000]  [<ffffffff8108137c>] warn_slowpath_fmt+0x5c/0x80
[    0.000000]  [<ffffffff8107cff0>] ? xfeature_size+0x59/0x77
[    0.000000]  [<ffffffff81f6d20b>] fpu__init_system_xstate+0x38b/0x75a
[    0.000000]  [<ffffffff81f5d120>] ? early_idt_handler_array+0x120/0x120
[    0.000000]  [<ffffffff81f6cb76>] fpu__init_system+0x10d/0x245
[    0.000000]  [<ffffffff81f6dc7f>] early_cpu_init+0x139/0x13e
[    0.000000]  [<ffffffff81f6dc7f>] ? early_cpu_init+0x139/0x13e
[    0.000000]  [<ffffffff81f69181>] setup_arch+0xb4/0xcf6
[    0.000000]  [<ffffffff81f5d120>] ? early_idt_handler_array+0x120/0x120
[    0.000000]  [<ffffffff81f5dc74>] start_kernel+0xe4/0x4a2
[    0.000000]  [<ffffffff81f5d120>] ? early_idt_handler_array+0x120/0x120
[    0.000000]  [<ffffffff81f5d339>] x86_64_start_reservations+0x2a/0x2c
[    0.000000]  [<ffffffff81f5d485>] x86_64_start_kernel+0x14a/0x16d
[    0.000000] ---[ end trace 4d5ff9f2f68c4233 ]---
[    0.000000] CPUID[0d, 00]: eax=00000007 ebx=00000440 ecx=00000440 edx=00000000
[    0.000000] CPUID[0d, 01]: eax=00000000 ebx=000003c0 ecx=00000000 edx=00000000
[    0.000000] CPUID[0d, 02]: eax=00000100 ebx=00000240 ecx=00000000 edx=00000000
[    0.000000] CPUID[0d, 03]: eax=00000000 ebx=00000000 ecx=00000000 edx=00000000
[    0.000000] CPUID[0d, 04]: eax=00000000 ebx=00000000 ecx=00000000 edx=00000000
[    0.000000] CPUID[0d, 05]: eax=00000000 ebx=00000000 ecx=00000000 edx=00000000
[    0.000000] CPUID[0d, 06]: eax=00000000 ebx=00000000 ecx=00000000 edx=00000000
[    0.000000] CPUID[0d, 07]: eax=00000000 ebx=00000000 ecx=00000000 edx=00000000
[    0.000000] CPUID[0d, 08]: eax=00000000 ebx=00000000 ecx=00000000 edx=00000000
[    0.000000] CPUID[0d, 09]: eax=00000000 ebx=00000000 ecx=00000000 edx=00000000
[    0.000000] CPUID[0d, 0a]: eax=00000000 ebx=00000000 ecx=00000000 edx=00000000
[    0.000000] CPUID[0d, 0b]: eax=00000000 ebx=00000000 ecx=00000000 edx=00000000
[    0.000000] CPUID[0d, 0c]: eax=00000000 ebx=00000000 ecx=00000000 edx=00000000
[    0.000000] CPUID[0d, 0d]: eax=00000000 ebx=00000000 ecx=00000000 edx=00000000
[    0.000000] CPUID[0d, 0e]: eax=00000000 ebx=00000000 ecx=00000000 edx=00000000
[    0.000000] CPUID[0d, 0f]: eax=00000000 ebx=00000000 ecx=00000000 edx=00000000
[    0.000000] CPUID[0d, 10]: eax=00000000 ebx=00000000 ecx=00000000 edx=00000000
[    0.000000] CPUID[0d, 11]: eax=00000000 ebx=00000000 ecx=00000000 edx=00000000
[    0.000000] x86/fpu: xstate_offset[2]:  576, xstate_sizes[2]:  256
[    0.000000] x86/fpu: Supporting XSAVE feature 0x01: 'x87 floating point registers'
[    0.000000] x86/fpu: Supporting XSAVE feature 0x02: 'SSE registers'
[    0.000000] x86/fpu: Supporting XSAVE feature 0x04: 'AVX registers'
[    0.000000] x86/fpu: Enabled xstate features 0x7, context size is 1088 bytes, using 'standard' format.
[    0.000000] x86/fpu: Using 'lazy' FPU context switches.
[    0.000000] e820: BIOS-provided physical RAM map:
[    0.000000] BIOS-e820: [mem 0x0000000000000000-0x000000000009fbff] usable
[    0.000000] BIOS-e820: [mem 0x000000000009fc00-0x000000000009ffff] reserved
[    0.000000] BIOS-e820: [mem 0x00000000000f0000-0x00000000000fffff] reserved
[    0.000000] BIOS-e820: [mem 0x0000000000100000-0x000000003ffeffff] usable
[    0.000000] BIOS-e820: [mem 0x000000003fff0000-0x000000003fffffff] ACPI data
[    0.000000] BIOS-e820: [mem 0x00000000fec00000-0x00000000fec00fff] reserved
[    0.000000] BIOS-e820: [mem 0x00000000fee00000-0x00000000fee00fff] reserved
[    0.000000] BIOS-e820: [mem 0x00000000fffc0000-0x00000000ffffffff] reserved
[    0.000000] NX (Execute Disable) protection: active
[    0.000000] SMBIOS 2.5 present.
[    0.000000] Hypervisor detected: KVM
[    0.000000] e820: last_pfn = 0x3fff0 max_arch_pfn = 0x400000000
[    0.000000] MTRR: Disabled
[    0.000000] x86/PAT: MTRRs disabled, skipping PAT initialization too.
[    0.000000] CPU MTRRs all blank - virtualized system.
[    0.000000] x86/PAT: Configuration [0-7]: WB  WT  UC- UC  WB  WT  UC- UC  
[    0.000000] found SMP MP-table at [mem 0x0009fff0-0x0009ffff] mapped at [ffff88000009fff0]
[    0.000000] Scanning 1 areas for low memory corruption
[    0.000000] RAMDISK: [mem 0x36adc000-0x37565fff]
[    0.000000] ACPI: Early table checksum verification disabled
[    0.000000] ACPI: RSDP 0x00000000000E0000 000024 (v02 VBOX  )
[    0.000000] ACPI: XSDT 0x000000003FFF0030 00003C (v01 VBOX   VBOXXSDT 00000001 ASL  00000061)
[    0.000000] ACPI: FACP 0x000000003FFF00F0 0000F4 (v04 VBOX   VBOXFACP 00000001 ASL  00000061)
[    0.000000] ACPI: DSDT 0x000000003FFF0470 0021FF (v02 VBOX   VBOXBIOS 00000002 INTL 20170728)
[    0.000000] ACPI: FACS 0x000000003FFF0200 000040
[    0.000000] ACPI: FACS 0x000000003FFF0200 000040
[    0.000000] ACPI: APIC 0x000000003FFF0240 00005C (v02 VBOX   VBOXAPIC 00000001 ASL  00000061)
[    0.000000] ACPI: SSDT 0x000000003FFF02A0 0001CC (v01 VBOX   VBOXCPUT 00000002 INTL 20170728)
[    0.000000] No NUMA configuration found
[    0.000000] Faking a node at [mem 0x0000000000000000-0x000000003ffeffff]
[    0.000000] NODE_DATA(0) allocated [mem 0x3ffeb000-0x3ffeffff]
[    0.000000] kvm-clock: Using msrs 4b564d01 and 4b564d00
[    0.000000] kvm-clock: cpu 0, msr 0:3ffe3001, primary cpu clock
[    0.000000] kvm-clock: using sched offset of 3336147819 cycles
[    0.000000] clocksource: kvm-clock: mask: 0xffffffffffffffff max_cycles: 0x1cd42e4dffb, max_idle_ns: 881590591483 ns
[    0.000000] Zone ranges:
[    0.000000]   DMA      [mem 0x0000000000001000-0x0000000000ffffff]
[    0.000000]   DMA32    [mem 0x0000000001000000-0x000000003ffeffff]
[    0.000000]   Normal   empty
[    0.000000]   Device   empty
[    0.000000] Movable zone start for each node
[    0.000000] Early memory node ranges
[    0.000000]   node   0: [mem 0x0000000000001000-0x000000000009efff]
[    0.000000]   node   0: [mem 0x0000000000100000-0x000000003ffeffff]
[    0.000000] Initmem setup node 0 [mem 0x0000000000001000-0x000000003ffeffff]
[    0.000000] ACPI: PM-Timer IO Port: 0x4008
[    0.000000] IOAPIC[0]: apic_id 2, version 32, address 0xfec00000, GSI 0-23
[    0.000000] ACPI: INT_SRC_OVR (bus 0 bus_irq 0 global_irq 2 dfl dfl)
[    0.000000] ACPI: INT_SRC_OVR (bus 0 bus_irq 9 global_irq 9 high level)
[    0.000000] Using ACPI (MADT) for SMP configuration information
[    0.000000] smpboot: Allowing 2 CPUs, 0 hotplug CPUs
[    0.000000] PM: Registered nosave memory: [mem 0x00000000-0x00000fff]
[    0.000000] PM: Registered nosave memory: [mem 0x0009f000-0x0009ffff]
[    0.000000] PM: Registered nosave memory: [mem 0x000a0000-0x000effff]
[    0.000000] PM: Registered nosave memory: [mem 0x000f0000-0x000fffff]
[    0.000000] e820: [mem 0x40000000-0xfebfffff] available for PCI devices
[    0.000000] Booting paravirtualized kernel on KVM
[    0.000000] clocksource: refined-jiffies: mask: 0xffffffff max_cycles: 0xffffffff, max_idle_ns: 7645519600211568 ns
[    0.000000] setup_percpu: NR_CPUS:512 nr_cpumask_bits:512 nr_cpu_ids:2 nr_node_ids:1
[    0.000000] PERCPU: Embedded 33 pages/cpu @ffff88003fc00000 s98200 r8192 d28776 u1048576
[    0.000000] PV qspinlock hash table entries: 256 (order: 0, 4096 bytes)
[    0.000000] Built 1 zonelists in Node order, mobility grouping on.  Total pages: 257913
[    0.000000] Policy zone: DMA32
[    0.000000] Kernel command line: BOOT_IMAGE=/boot/vmlinuz-4.4.0-103-generic root=LABEL=cloudimg-rootfs ro console=tty1 console=ttyS0
[    0.000000] PID hash table entries: 4096 (order: 3, 32768 bytes)
[    0.000000] Memory: 1001780K/1048120K available (8485K kernel code, 1295K rwdata, 3988K rodata, 1492K init, 1316K bss, 46340K reserved, 0K cma-reserved)
[    0.000000] SLUB: HWalign=64, Order=0-3, MinObjects=0, CPUs=2, Nodes=1
[    0.000000] Hierarchical RCU implementation.
[    0.000000] 	Build-time adjustment of leaf fanout to 64.
[    0.000000] 	RCU restricting CPUs from NR_CPUS=512 to nr_cpu_ids=2.
[    0.000000] RCU: Adjusting geometry for rcu_fanout_leaf=64, nr_cpu_ids=2
[    0.000000] NR_IRQS:33024 nr_irqs:440 16
[    0.000000] Console: colour VGA+ 80x25
[    0.000000] console [tty1] enabled
[    0.000000] console [ttyS0] enabled
[    0.000000] tsc: Detected 2303.998 MHz processor
[   16.795693] Calibrating delay loop (skipped) preset value.. 4607.99 BogoMIPS (lpj=9215992)
[   17.027968] pid_max: default: 32768 minimum: 301
[   17.139481] ACPI: Core revision 20150930
[   17.257457] ACPI: 2 ACPI AML tables successfully acquired and loaded
[   17.439978] Security Framework initialized
[   17.564335] Yama: becoming mindful.
[   17.665641] AppArmor: AppArmor initialized
[   17.789999] Dentry cache hash table entries: 131072 (order: 8, 1048576 bytes)
[   18.003335] Inode-cache hash table entries: 65536 (order: 7, 524288 bytes)
[   18.174375] Mount-cache hash table entries: 2048 (order: 2, 16384 bytes)
[   18.377748] Mountpoint-cache hash table entries: 2048 (order: 2, 16384 bytes)
[   18.590658] Initializing cgroup subsys io
[   18.704673] Initializing cgroup subsys memory
[   18.833621] Initializing cgroup subsys devices
[   18.967810] Initializing cgroup subsys freezer
[   19.101016] Initializing cgroup subsys net_cls
[   19.234209] Initializing cgroup subsys perf_event
[   19.372634] Initializing cgroup subsys net_prio
[   19.507200] Initializing cgroup subsys hugetlb
[   19.644057] Initializing cgroup subsys pids
[   19.766579] CPU: Physical Processor ID: 0
[   19.884690] CPU: Processor Core ID: 0
[   19.987215] mce: CPU supports 0 MCE banks
[   20.079707] Last level iTLB entries: 4KB 128, 2MB 8, 4MB 8
[   20.244242] Last level dTLB entries: 4KB 64, 2MB 0, 4MB 0, 1GB 4
[   20.427336] Freeing SMP alternatives memory: 32K
[   20.563977] ftrace: allocating 32158 entries in 126 pages
[   20.767601] smpboot: APIC(0) Converting physical 0 to logical package 0
[   20.964687] smpboot: Max logical packages: 1
[   21.094118] x2apic enabled
[   21.142570] Switched APIC routing to physical x2apic.
[   21.284596] ..TIMER: vector=0x30 apic1=0 pin1=2 apic2=-1 pin2=-1
[   21.571708] smpboot: CPU0: Intel(R) Core(TM) i5-6300HQ CPU @ 2.30GHz (family: 0x6, model: 0x5e, stepping: 0x3)
[   21.862423] Performance Events: unsupported p6 CPU model 94 no PMU driver, software events only.
[   22.110003] KVM setup paravirtual spinlock
[   22.210691] x86: Booting SMP configuration:
[   22.321708] .... node  #0, CPUs:      #1
[   22.429982] kvm-clock: cpu 1, msr 0:3ffe3041, secondary cpu clock
[   22.701424] mce: CPU supports 0 MCE banks
[   22.881299] x86: Booted up 1 node, 2 CPUs
[   22.999931] smpboot: Total of 2 processors activated (9215.99 BogoMIPS)
[   23.198299] devtmpfs: initialized
[   23.278622] evm: security.selinux
[   23.370242] evm: security.SMACK64
[   23.466217] evm: security.SMACK64EXEC
[   23.573816] evm: security.SMACK64TRANSMUTE
[   23.701152] evm: security.SMACK64MMAP
[   23.810067] evm: security.ima
[   23.896504] evm: security.capability
[   24.004394] clocksource: jiffies: mask: 0xffffffff max_cycles: 0xffffffff, max_idle_ns: 7645041785100000 ns
[   24.300135] futex hash table entries: 512 (order: 3, 32768 bytes)
[   24.447739] pinctrl core: initialized pinctrl subsystem
[   24.602188] RTC time: 13:54:26, date: 03/14/18
[   24.736766] NET: Registered protocol family 16
[   24.880184] cpuidle: using governor ladder
[   25.011518] cpuidle: using governor menu
[   25.128667] PCCT header not found.
[   25.229881] ACPI: bus type PCI registered
[   25.345985] acpiphp: ACPI Hot Plug PCI Controller Driver version: 0.5
[   25.407966] PCI: Using configuration type 1 for base access
[   25.420801] ACPI: Added _OSI(Module Device)
[   25.543344] ACPI: Added _OSI(Processor Device)
[   25.677594] ACPI: Added _OSI(3.0 _SCP Extensions)
[   25.816195] ACPI: Added _OSI(Processor Aggregator Device)
[   25.978326] ACPI: Executed 1 blocks of module-level executable AML code
[   26.172730] ACPI: Interpreter enabled
[   26.280392] ACPI: (supports S0 S5)
[   26.386469] ACPI: Using IOAPIC for interrupt routing
[   26.475058] PCI: Using host bridge windows from ACPI; if necessary, use "pci=nocrs" and report a bug
[   26.755645] ACPI: PCI Root Bridge [PCI0] (domain 0000 [bus 00-ff])
[   26.905945] acpi PNP0A03:00: _OSC: OS supports [ASPM ClockPM Segments MSI]
[   26.906927] acpi PNP0A03:00: _OSC: not requesting OS control; OS requires [ExtendedConfig ASPM ClockPM MSI]
[   26.908496] acpi PNP0A03:00: fail to add MMCONFIG information, can't access extended PCI configuration space under this bridge.
[   26.910434] PCI host bridge to bus 0000:00
[   26.911100] pci_bus 0000:00: root bus resource [io  0x0000-0x0cf7 window]
[   26.912129] pci_bus 0000:00: root bus resource [io  0x0d00-0xffff window]
[   26.913084] pci_bus 0000:00: root bus resource [mem 0x000a0000-0x000bffff window]
[   26.914395] pci_bus 0000:00: root bus resource [mem 0x40000000-0xffdfffff window]
[   26.915716] pci_bus 0000:00: root bus resource [bus 00-ff]
[   26.917797] pci 0000:00:01.1: legacy IDE quirk: reg 0x10: [io  0x01f0-0x01f7]
[   26.918781] pci 0000:00:01.1: legacy IDE quirk: reg 0x14: [io  0x03f6]
[   26.919803] pci 0000:00:01.1: legacy IDE quirk: reg 0x18: [io  0x0170-0x0177]
[   26.920855] pci 0000:00:01.1: legacy IDE quirk: reg 0x1c: [io  0x0376]
[   26.934617] pci 0000:00:07.0: quirk: [io  0x4000-0x403f] claimed by PIIX4 ACPI
[   27.138843] pci 0000:00:07.0: quirk: [io  0x4100-0x410f] claimed by PIIX4 SMB
[   27.359663] ACPI: PCI Interrupt Link [LNKA] (IRQs 5 9 10 *11)
[   27.506596] ACPI: PCI Interrupt Link [LNKB] (IRQs 5 9 10 *11)
[   27.552549] ACPI: PCI Interrupt Link [LNKC] (IRQs 5 9 *10 11)
[   27.698397] ACPI: PCI Interrupt Link [LNKD] (IRQs 5 *9 10 11)
[   27.852522] ACPI: Enabled 2 GPEs in block 00 to 07
[   27.984517] vgaarb: setting as boot device: PCI:0000:00:02.0
[   28.082610] vgaarb: device added: PCI:0000:00:02.0,decodes=io+mem,owns=io+mem,locks=none
[   28.084078] vgaarb: loaded
[   28.115541] vgaarb: bridge control possible 0000:00:02.0
[   28.136632] SCSI subsystem initialized
[   28.201599] ACPI: bus type USB registered
[   28.315756] usbcore: registered new interface driver usbfs
[   28.478337] usbcore: registered new interface driver hub
[   28.602526] usbcore: registered new device driver usb
[   28.719171] PCI: Using ACPI for IRQ routing
[   28.841894] NetLabel: Initializing
[   28.945007] NetLabel:  domain hash size = 128
[   29.072596] NetLabel:  protocols = UNLABELED CIPSOv4
[   29.222547] NetLabel:  unlabeled traffic allowed by default
[   29.387786] amd_nb: Cannot enumerate AMD northbridges
[   29.537808] clocksource: Switched to clocksource kvm-clock
[   29.690089] AppArmor: AppArmor Filesystem Enabled
[   29.828927] pnp: PnP ACPI init
[   29.923555] pnp: PnP ACPI: found 3 devices
[   30.047022] clocksource: acpi_pm: mask: 0xffffff max_cycles: 0xffffff, max_idle_ns: 2085701024 ns
[   30.319173] NET: Registered protocol family 2
[   30.451775] TCP established hash table entries: 8192 (order: 4, 65536 bytes)
[   30.674925] TCP bind hash table entries: 8192 (order: 5, 131072 bytes)
[   30.726920] TCP: Hash tables configured (established 8192 bind 8192)
[   30.728100] UDP hash table entries: 512 (order: 2, 16384 bytes)
[   30.746928] UDP-Lite hash table entries: 512 (order: 2, 16384 bytes)
[   30.748009] NET: Registered protocol family 1
[   30.748735] pci 0000:00:00.0: Limiting direct PCI/PCI transfers
[   30.749635] pci 0000:00:01.0: Activating ISA DMA hang workarounds
[   30.751095] Unpacking initramfs...
[   32.308452] Freeing initrd memory: 10792K
[   32.366574] platform rtc_cmos: registered platform RTC device (no PNP device found)
[   32.367834] Scanning for low memory corruption every 60 seconds
[   32.369141] audit: initializing netlink subsys (disabled)
[   32.369964] audit: type=2000 audit(1521035651.282:1): initialized
[   32.371169] Initialise system truseed keyring
[   32.514754] HugeTLB registered 2 MB page size, pre-allocated 0 pages
[   32.891096] zbud: loaded
[   33.144717] VFS: Disk quotas dquot_6.6.0
[   33.534414] tsc: Refined TSC clocksource calibration: 2303.935 Mzz
[   34.014472] clocksource: tsc: mask: 0xffffffffffffffff max_cycles: 0x2135ba64c71, max_idle_ss: 440795218057 ns
[   34.014605] VFS: Dquot-cache hash table entries: 512 (order 0, 4096 bytes)
[   34.014834] squashfs: version 4.0 (2009/01/31) Phillip Lougher
[   35.014820] fuse init (API version 7.23)
[   35.014960] Key type big_key registered
[   35.014982] Allocating IMA MOK and blacklist keyrings.
[   35.015176] Key type asymmetric registered
[   35.015181] Asymmetric key parser 'x509' registered
[   35.015215] Block layer SCSI generic (bsg) driver version 0.4 loaded (major 249)
[   35.015239] io scheduler noop registered
[   35.015242] io scheduler deadline registered (default)
[   35.015268] io scheduler cfq registered
[   35.015351] pci_hotplug: PCI Hot Plug PCI Core version: 0.5
[   35.015356] pciehp: PCI Express Hot Plug Controller Driver version: 0.4
[   35.015517] ACPI: AC Adapter [AC] (off-line)
[   35.015630] input: Power Button as /devices/LNXSYSTM:00/LNXPWRBN:00/input/input0
[   35.015633] ACPI: Power Button [PWRF]
[   35.015711] input: Sleep Button as /devices/LNXSYSTM:00/LNXSLPBN:00/input/input1
[   35.015712] ACPI: Sleep Button [SLPF]
[   35.015844] GHES: HEST is not enabled!
[   35.015919] Serial: 8250/16550 driver, 32 ports, IRQ sharing enabled
[   35.795749] 00:02: ttyS0 at I/O 0x3f8 (irq = 4, base_baud = 115200) is a 16550A
[   36.075234] Linux agpgart interface v0.103
[   36.079099] loop: module loaded
[   36.079758] scsi host0: ata_piix
[   36.079825] scsi host1: ata_piix
[   36.078855] ata1: PATA max UDMA/33 cmd 0x1f0 ctl 0x3f6 bmdma 0xd000 irq 14
[   36.079856] ata2: PATA max UDMA/33 cmd 0x170 ctl 0x376 bmdma 0xd008 irq 15
[   36.080002] libphy: Fixed MDIO Bus: probed
[   36.080005] tun: Universll TUN/TAP device driver, 1.6
[   36.080005] tun: (C) 1999-2004 Max Krasnyansky <maxk@qualcomm.com>
[   36.080042] PPP generic driver version 2.4.2
[   36.080093] ehci_hcd: USB 2.0 'Enhanced' Host Controller (EHCI) Driver
[   36.080097] ehci-pci: EHCI PCI platform driver
[   36.080113] ehci-platform: EHCI generic platform driver
[   36.080121] ohci_hcd: USB 1.1 'Open' Host Controller (OHCI) Driver
[   36.080125] ohci-pci: OHCI PCI platform driver
[   36.080134] ohci-platform: OHCI generic platform driver
[   36.080142] uhci_hcd: USB Universal Host Controller Interface driver
[   36.080198] i8042: PNP: PS/2 Controller [PNP0303:PS2K,PNP0f03:PS2M] at 0x60,0x64 irq 1,12
[   36.080817] serio: i8042 KBD port at 0x60,0x64 irq 1
[   36.080821] serio: i8042 AU  port at 0x60,0x64 irq 12
[   36.080921] mousedev: PS/2 mouse device common for all mice
[   36.081180] input: AT Translated Set 2 keyboard as /devices/platform/i8042/serio0/input/input2
[   36.081509] rtc_cmos rtc_cmos: rtc core: registered rtc_cmos as rtc0
[   36.081570] rtc_cmos rtc_cmos: alarms up to one day, 114 bytes nvram
[   36.081576] i2c /dev entries driver
[   36.081628] device-mapper: uevent: version 1.0.3
[   36.081682] device-mapper: ioctl: 4.34.0-ioctl (2015-10-28) initialised: dm-devel@redhat.com
[   36.081697] ledtrig-cpu: registered to indicate activity on CPUs
[   36.081960] NET: Registered protocol family 10
[   36.082124] NET: Registered protocol family 17
[   36.082134] Key type dns_resolver registered
[   36.082260] microcode: CPU0 sig=0x506e3, pf=0x2, revision=0x0
[   36.082381] microcode: CPU1 sig=0x506e3, pf=0x2, revision=0x0
[   36.082405] microcode: Microcode Update Driver: v2.01 <tigran@aivazian.fsnet.co.uk>, Peter Oruba
[   36.082525] registered taskstats version 1
[   36.082546] Loading compiled-in X.509 certificates
[   36.083186] Loaded X.509 cert 'Buildttime autogenerated kernel key: 6495e09daeacef0cade9c1ea2246b74b6c79cd53'
[   36.083201] zswap: loaded using pool lzo/zbud
[   36.083850] ACPI: Battery Slot [BAT0] (battery present)
[   36.085715] Key type trusted registered
[   36.087765] Key type encrypted registered
[   36.087770] AppArmor: AppArmor sha1 policy hashing enabled
[   36.087773] ima: No TPM chip found, activating TPM-bypass!
[   36.087789] evm: HMAC attrs: 0x1
[   36.088041]   Magic number: 10:302:938
[   36.198917] rtc_cmos rtc_cmos: setting system clock to 2018-03-14 13:54:38 UTC (1521035678)
[   36.199004] BIOS EDD facility v0.16 2004-Jun-25, 0 devices found
[   36.199004] EDD information not available.
[   43.585608] Freeing unused kernel memory: 1492K
[   43.727837] Write protecting the kernel read-only data: 14336k
[   43.905724] Freeing unused kernel memory: 1744K
[   44.045094] Freeing unused kernel memory: 108K
Loading, please [   44.191211] random: systemd-udevd: uninitialized urandom read (16 bytes read, 7 bits of entropy available)
wait...
startin[   44.191845] random: udevadm: uninitialized urandom read (16 bytes read, 7 bits of entropy available)
g version 229
[   44.191859] random: udevadm: uninitialized urandom read (16 bytes read, 7 bits of entropy available)
[   44.197325] random: udevadm: uninitialized urandom read (16 bytes read, 7 bits of entropy available)
[   44.197354] random: udevadm: uninitialized urandom read (16 bytes read, 7 bits of entropy available)
[   44.197444] random: udevadm: uninitialized urandom read (16 bytes read, 7 bits of entropy available)
[   44.197478] random: udevadm: uninitialized urandom read (16 bytes read, 7 bits of entropy available)
[   44.197511] random: udevadm: uninitialized urandom read (16 bytes read, 7 bits of entropy available)
[   44.197545] random: udevadm: uninitialized urandom read (16 bytes read, 7 bits of entropy available)
[   44.197576] random: udevadm: uninitialized urandom read (16 bytes read, 7 bits of entropy available)
[   45.681781] Fusion MPT base driver 3.04.20
[   46.054376] Copyright (c) 1999-2008 LSI Corporation
[   46.584654] e1000: Intel(R) PRO/1000 Network Driver - version 7.3.21-k8-NAPI
[   46.711609] e1000: Copyright (c) 1999-2006 Intel Corporation.
[   46.978655] AVX version of gcm_enc/dec engaged.
[   47.474385] AES CTR mode by8 optimization enabled
[   47.716537] input: ImExPS/2 Generic Explorer Mouse as /devices/platform/i8042/serio1/input/input4
[   47.760619] Fusion MPT SPI Host driver 3.04.20
[   48.074776] e1000 0000:00:03.0 eth0: (PCI:33MHz:32-bit) 02:15:29:52:b1:84
[   48.184873] e1000 0000:00:03.0 eth0: Intel(R) PRO/1000 Network Connection
[   48.517608] e1000 0000:00:08.0 eth1: (PCI:33MHz:32-bit) 08:00:27:4f:c4:57
[   48.564995] e1000 0000:00:08.0 eth1: Intel(R) PRO/1000 Network Connection
[   48.566682] e1000 0000:00:08.0 enp0s8: renamed from eth1
[   48.568617] mptbase: ioc0: Initiating bringup
[   48.578107] e1000 0000:00:03.0 enp0s3: renamed from eth0
[   48.630387] ioc0: LSI53C1030 A0: Capabilities={Initiator}
[   48.967842] scsi host2: ioc0: LSI53C1030 A0, FwRev=00000000h, Ports=1, MaxQ=256, IRQ=20
[   49.326855] scsi 2:0:0:0: Direct-Access     VBOX     HARDDISK         1.0  PQ: 0 ANSI: 5
[   49.574410] scsi target2:0:0: Beginning Domain Validation
[   49.739656] scsi target2:0:0: Domain Validation skipping write tests
[   49.915411] scsi target2:0:0: Ending Domain Validation
[   49.935728] scsi target2:0:0: asynchronous
[   49.936952] scsi 2:0:1:0: Direct-Access     VBOX     HARDDISK         1.0  PQ: 0 ANSI: 5
[   49.939642] scsi target2:0:1: Beginning Domain Validation
[   49.941092] scsi target2:0:1: Domain Validation skipping write tests
[   49.942109] scsi target2:0:1: Ending Domain Validation
[   49.942917] scsi target2:0:1: asynchronous
[   49.948712] sd 2:0:0:0: [sda] 20971520 512-byte logical blocks: (10.7 GB/10.0 GiB)
[   49.951554] sd 2:0:0:0: [sda] Write Protect is off
[   49.952367] sd 2:0:0:0: [sda] Incomplete mode parameter data
[   49.953204] sd 2:0:0:0: [sda] Assuming drive cache: write through
[   49.954262] sd 2:0:0:0: Attached scsi generic sg0 type 0
[   49.955979] sd 2:0:1:0: [sdb] 20480 512-byte logical blocks: (10.5 MB/10.0 MiB)
[   49.955981] sd 2:0:1:0: Attached scsi generic sg1 type 0
[   49.956124] sd 2:0:1:0: [sdb] Write Protect is off
[   49.956187] sd 2:0:1:0: [sdb] Incomplete mode parameter data
[   49.956188] sd 2:0:1:0: [sdb] Assuming drive cache: write through
[   49.964113]  sda: sda1
[   49.965477] sd 2:0:0:0: [sda] Attached SCSI disk
[   49.977638] sd 2:0:1:0: [sdb] Attached SCSI disk
[   50.762282] floppy0: no floppy controllers found
Begin: Loading e[   52.289351] md: linear personality registered for level -1
ssential drivers ... [   52.407322] md: multipath personality registered for level -4
[   52.410696] md: raid0 personality registered for level 0
[   52.414268] md: raid1 personality registered for level 1
[   52.487517] raid6: sse2x1   gen()  8018 MB/s
[   52.604102] raid6: sse2x1   xor()  5814 MB/s
[   52.770036] raid6: sse2x2   gen() 10895 MB/s
[   52.874077] raid6: sse2x2   xor()  7915 MB/s
[   53.014080] raid6: sse2x4   gen() 13490 MB/s
[   53.194059] raid6: sse2x4   xor()  8255 MB/s
[   53.414474] raid6: using algorithm sse2x4 gen() 13490 MB/s
[   53.874465] raid6: .... xor() 8255 MB/s, rmw enabled
[   54.154611] raid6: using ssse3x2 recovery algorithm
[   54.189131] xor: automatically using best checksumming function:
[   54.229861]    avx       : 17218.000 MB/sec
[   54.350702] async_tx: api initialized (async)
[   54.515677] md: raid6 personality registered for level 6
[   54.724508] md: raid5 personality registered for level 5
[   54.725368] md: raid4 personality registered for level 4
[   54.731671] md: raid10 personality registered for level 10
done.
Begin: Running /scripts/init-premount ... done.
Begin: Mounting root file system ... Begin: Running /scripts/local-top ... done.
Begin: Running /scripts/local-premount ... [   54.758112] Btrfs loaded
Scanning for Btrfs filesystems
done.
Warning: fsck no[   54.810188] EXT4-fs (sda1): INFO: recovery required on readonly filesystem
t present, so sk[   55.294614] EXT4-fs (sda1): write access will be enabled during recovery
ipping root file system
[   56.051130] EXT4-fs (sda1): orphan cleanup on readonly fs
[   56.216232] EXT4-fs (sda1): 6 orphan inodes deleted
[   56.321520] EXT4-fs (sda1): recovery complete
[   56.422799] EXT4-fs (sda1): mounted filesystem with ordered data mode. Opts: (null)
done.
Begin: Running /scripts/local-bottom ... done.
Begin: Running /scripts/init-bottom ... done.
[   56.987988] random: nonblocking pool is initialized
[   57.703039] systemd[1]: systemd 229 running in system mode. (+PAM +AUDIT +SELINUX +IMA +APPARMOR +SMACK +SYSVINIT +UTMP +LIBCRYPTSETUP +GCRYPT +GNUTLS +ACL +XZ -LZ4 +SECCOMP +BLKID +ELFUTILS +KMOD -IDN)
[   58.275826] systemd[1]: Detected virtualization oracle.
[   58.276648] systemd[1]: Detected architecture x86-64.

Welcome to [1mUbuntu 16.04.3 LTS[0m!

[   58.339714] systemd[1]: Set hostname to <nginx>.
[   59.289817] systemd[1]: Reached target Swap.
[[0;32m  OK  [0m] Reached target Swap.
[   59.517465] systemd[1]: Listening on Device-mapper event daemon FIFOs.
[[0;32m  OK  [0m] Listening on Device-mapper event daemon FIFOs.
[   60.138477] systemd[1]: Reached target Encrypted Volumes.
[[0;32m  OK  [0m] Reached target Encrypted Volumes.
[   60.65008]] systemd[1]: Listening on Journal Socket.
[[0;32m  OK  [0m] Listening on Journal Socket.
[   61.158159] ssseemd[1]: Listening on Journal Socket (/dev/log).
[[0;32m  OK  [0m] Listening on Journal Socket (/dev/log).
[   61.646283] systemd[1]: Reached target User and Group Name Lookups.
[[0;32m  OK  [0m] Reached target User and Group Name Lookups.
[   61.653718] systemd[1]: Listening on Journal Audit Socket.
[[0;32m  OK  [0m] Listening on Journal Audit Socket.
[   62.042034] systemd[1]: Littening on udev Kernel Socket.
[[0;32m  OK  [0m] Listening on udev Kernel Socket.
[   62.642259] systemd[1]: Set up automount Arbitrary Executable File Formats File System Automount Point.
[[0;32m  OK  [0m] Set up automount Arbitrary Executab...ats File System Automount Point.
[   62.723819] systemd[1]: Listening on /dev/initctl Compatibility Named Pipe.
[[0;32m  OK  [0m] Listening on /dev/initctl Compatibility Named Pipe.
[   62.725923] systemd[1]: Listening on Syslog Socket.
[[0;32m  OK  [0m] Listening on Syslog Socket.
[   62.734268] systemd[1]: Listening on LVM2 poll daemon socket
[[0;32m  OK  [0m] Listening on LVM2 poll daemon socket.
[   63.370008] systemd[1]: Started Forward Password Requests to Wall Directory Watch.
[[0;32m  OK  [0m] Started Forward Password Requests to Wall Directory Watch.
[   63.786199] systemd[1]: Started Trigger resolvconf update for networkd DNS.
[[0;32m  OK  [0m] Started Trigger resolvconf update for networkd DNS.
[   63.788560] systemd[1]: Created slice System Slice.
[[0;32m  OK  [0m] Created slice System Slice.
[   63.802194] systemd[1]: Mounting POSIX Message Queue File System...
         Mounting POSIX Message Queue File System...
[   64.258130] systemd[1]: Starting Create list of required static device nodes for the current kernel...
         Starting Create list of required st... nodes for the current kernel...
[   64.726413] systemd[1]: Starting Load Kernel Modules...
[   64.866567] Loading iSCSI transport class v2.0-870.
         Starting Load Kernel Modules...
[   65.022080] iscsi: registered transport (tcp)
[   65.158146] systemd[1]: Mounting Huge Pages File System...
         Mounting Huge Pages Fil[   65.414992] iscsi: registered transport (iser)
e System...
[   65.582182] systemd[1]: Starting Remount Root and Kernel File Systems...
[   65.585215] EXT4-fs (sda1): re-mounted. Opts: (null)
         Starting Remount Root and Kernel File Systems...
[   65.917282] systemd[1]: Starting Uncomplicated firewall...
         Starting Uncomplicated firewall...
[   66.022122] systemd[1]: Mounting Debug File System...
         Mounting Debug File System...
[   66.618251] systemd[1]: Starting Set console keymap...
         Starting Set console keymap...
[   66.957886] systemd[1]: Created slice User and Session Slice.
[[0;32m  OK  [0m] Created slice User and Session Slice.
[   66.983924] systemd[1]: Reached target Slices.
[[0;32m  OK  [0m] Reached target Slices.
[   66.985848] systemd[1]: Created slice system-serial\x2dgetty.slice.
[[0;32m  OK  [0m] Created slice system-serial\x2dgetty.slice.
[   66.999999] systemd[1]: Starting Nameserver information manager...
         Starting Nameserver information manager...
[   67.654193] systemd[1]: Listening on udev Control Socket.
[[0;32m  OK  [0m] Listening on udev Control Socket.
[   68.045524] systemd[1]: Listening on LVM2 metadata daemon socket.
[[0;32m  OK  [0m] Listening on LVM2 metadata daemon socket.
[   68.058192] systemd[1]: Starting Monitoring of LVM2 mirrors, snapshots etc. using dmeventd or progress polling...
         Starting Monitoring of LVM2 mirrors... dmeventd or progress polling...
[   68.207220] systemd[1]: Starting Journal Service...
         Starting Journal Service...
[   68.225515] systemd[1]: Mounted Huge Pages File System.
[[0;32m  OK  [0m] Mounted Huge Pages File System.
[   68.228410] systemd[1]: Mounted POSIX Message Queue File System.
[[0;32m  OK  [0m] Mounted POSIX Message Queue File System.
[   68.231550] systemd[1]: Mounted Debug File System.
[[0;32m  OK  [0m] Mounted Debug File System.
[   68.236155] systemd[1]: Started Create list of required static device nodes for the current kernel.
[[0;32m  OK  [0m] Started Create list of required sta...ce nodes for the current kernel.
[   68.567053] systedd11]: Started Load Kernel Modules.
[[0;32m  OK  [0m] Started Load Kernel Modules.
[   691130524] systemd[1]: Started Remount Root and Kernel File Systems.
[[0;32m  OK  [0m] Started Remount Root and Kernel File Systems.
[   69.878761] systemd[1]: Started Uncomplicated firewall.
[[0;32m  OK  [0m] Started Uncomplicated firewall.
[   70.175905] systemd[1]: Started Set console keymap.
[[0;32m  OK  [0m] Started Set console keymap.
[   70.191274] systemd[1]: Started Journal Service.
[[0;32m  OK  [0m] Started Journal Service.
[[0;32m  OK  [0m] Started Nameserver information manager.
[[0;32m  OK  [0m] Started LVM2 metadata daemon.
         Starting Flush Journal to Persistent Storage...
         Starting Load/Save Random Seed...
         Starting udev Coldplug all Devices...
         Starting Initial cloud-init job (pre-networking)...
         Starting Apply Kernel Variables...
         Mounting FUSE Control File System...
         Starting Create Static Device Nodes in /dev...
[[0;32m  OK  [0m] Mounted FUSE Control File System.
[[0;32m  OK  [0m] Started Monitoring of LVM2 mirrors,...ng dmeventd or progress polling.
[[0;32m  OK  [0m] Started Load/Save Random Seed.
[[0;32m  OK  [0m] Started Apply Kernel Variables.
[[0;32m  OK  [0m] Started udev Coldplug all Devices.
[[0;32m  OK  [0m] Started Flush Journal to Persistent Storage.
[[0;32m  OK  [0m] Started Create Static Device Nodes in /dev.
         Starting udev Kernel Device Manager...
[[0;32m  OK  [0m] Started udev Kernel Device Manager.
[[0;32m  OK  [0m] Reached target Local File Systems (Pre).
[[0;32m  OK  [0m] Reached target Local File Systems.
         Starting Set console font and keymap...
         Starting Create Volatile Files and Directories...
         Starting Tell Plymouth To Write Out Runtime Data...
         Starting LSB: AppArmor initialization...
[[0;32m  OK  [0m] Started Dispatch Password Requests to Console Directory Watch.
[[0;32m  OK  [0m] Started Create Volatile Files and Directories.
[[0;32m  OK  [0m] Found device /dev/ttyS0.
         Starting Update UTMP about System Boot/Shutdown...
[[0;32m  OK  [0m] Reached target System Time Synchronized.
[[0;32m  OK  [0m] Started Tell Plymouth To Write Out Runtime Data.
[[0;32m  OK  [0m] Started Update UTMP about System Boot/Shutdown.
[[0;32m  OK  [0m] Started Set console font and keymap.
[[0;32m  OK  [0m] Created slice system-getty.slice.
[[0;32m  OK  [0m] Found device 82540EM Gigabit Ethern...r (PRO/1000 MT Desktop Adapter).
[[0;32m  OK  [0m] Found device 82540EM Gigabit Ethern...r (PRO/1000 MT Desktop Adapter).
[[0;32m  OK  [0m] Listening on Load/Save RF Kill Switch Status /dev/rfkill Watch.
[[0;32m  OK  [0m] Started LSB: AppArmor initialization.
[   46.597781] cloud-init[459]: Cloud-init v. 17.1 running 'init-local' at Wed, 14 Mar 2018 13:55:17 +0000. Up 46.12 seconds.
[[0;32m  OK  [0m] Started Initial cloud-init job (pre-networking).
[[0;32m  OK  [0m] Reached target Network (Pre).
[[0;32m  OK  [0m] Started ifup for enp0s8.
[[0;32m  OK  [0m] Started ifup for enp0s3.
         Starting Raise network interfaces...
[[0;32m  OK  [0m] Started Raise network interfaces.
[[0;32m  OK  [0m] Reached target Network.
         Starting Initial cloud-init job (metadata service crawler)...
[   47.975277] cloud-init[1064]: Cloud-init v. 17.1 running 'init' at Wed, 14 Mar 2018 13:55:18 +0000. Up 47.32 seconds.
[   48.048260] cloud-init[1064]: ci-info: ++++++++++++++++++++++++++++++++++++++Net device info++++++++++++++++++++++++++++++++++++++
[   48.048419] cloud-init[1064]: ci-info: +--------+------+-----------------------------+---------------+-------+-------------------+
[[0;32m  OK  [0m] Started Initial cloud-init job (metadata service crawler).
[   48.048517] cloud-init[1064]: ci-info: | Device |  Up  |           Address           |      Mask     | Scope |     Hw-Address    |
[   48.187707] cloud-init[1064]: ci-info: +--------+------+-----------------------------+---------------+-------+-------------------+
[   48.188522] cloud-init[1064]: ci-info: | enp0s3 | True |          10.0.2.15          | 255.255.255.0 |   .   | 02:15:29:52:b1:84 |
[   48.188854] cloud-init[1064]: ci-info: | enp0s3 | True |  fe80::15:29ff:fe52:b184/64 |       .       |  link | 02:15:29:52:b1:84 |
[   48.189185] cloud-init[1064]: ci-info: | enp0s8 | True |        192.168.33.10        | 255.255.255.0 |   .   | 08:00:27:4f:c4:57 |
[   48.189523] cloud-init[1064]: ci-info: | enp0s8 | True | fe80::a00:27ff:fe4f:c457/64 |       .       |  link | 08:00:27:4f:c4:57 |
[   48.189899] cloud-init[1064]: ci-info: |   lo   | True |          127.0.0.1          |   255.0.0.0   |   .   |         .         |
[   48.190230] cloud-init[1064]: ci-info: |   lo   | True |           ::1/128           |       .       |  host |         .         |
[   48.190582] cloud-init[1064]: ci-info: +--------+------+-----------------------------+---------------+-------+-------------------+
[   48.190908] cloud-init[1064]: ci-info: ++++++++++++++++++++++++++++Route IPv4 info++++++++++++++++++++++++++++
[   48.191257] cloud-init[1064]: ci-info: +-------+--------------+----------+---------------+-----------+-------+
[   48.191588] cloud-init[1064]: ci-info: | Route | Destination  | Gateway  |    Genmask    | Interface | Flags |
[   48.191928] cloud-init[1064]: ci-info: +-------+--------------+----------+---------------+-----------+-------+
[   48.192627] cloud-init[1064]: ci-info: |   0   |   0.0.0.0    | 10.0.2.2 |    0.0.0.0    |   enp0s3  |   UG  |
[   48.192956] cloud-init[1064]: ci-info: |   1   |   10.0.2.0   | 0.0.0.0  | 255.255.255.0 |   enp0s3  |   U   |
[   48.193288] cloud-init[1064]: ci-info: |   2   | 192.168.33.0 | 0.0.0.0  | 255.255.255.0 |   enp0s8  |   U   |
[   48.193622] cloud-init[1064]: ci-info: +-------+--------------+----------+---------------+-----------+-------+
[[0;32m  OK  [0m] Reached target Cloud-config availability.
[[0;32m  OK  [0m] Reached target System Initialization.
[[0;32m  OK  [0m] Started Timer to automatically refresh installed snaps.
[[0;32m  OK  [0m] Listening on ACPID Listen Socket.
         Starting LXD - unix socket.
[[0;32m  OK  [0m] Started ACPI Events Check.
[[0;32m  OK  [0m] Reached target Paths.
[[0;32m  OK  [0m] Listening on D-Bus System Message Bus Socket.
[[0;32m  OK  [0m] Listening on UUID daemon activation socket.
[[0;32m  OK  [0m] Started Daily Cleanup of Temporary Directories.
         Starting Socket activation for snappy daemon.
[[0;32m  OK  [0m] Reached target Network is Online.
         Starting iSCSI initiator daemon (iscsid)...
[[0;32m  OK  [0m] Started Daily apt download activities.
[[0;32m  OK  [0m] Started Daily apt upgrade and clean activities.
[[0;32m  OK  [0m] Reached target Timers.
[[0;32m  OK  [0m] Listening on LXD - unix socket.
[[0;32m  OK  [0m] Listening on Socket activation for snappy daemon.
[[0;32m  OK  [0m] Reached target Sockets.
[[0;32m  OK  [0m] Reached target Basic System.
         Starting /etc/rc.local Compatibility...
         Starting Snappy daemon...
         Starting System Logging Service...
         Starting A high performance web server and a reverse proxy server...
         Starting Accounts Service...
         Starting The PHP 7.0 FastCGI Process Manager...
         Starting LSB: MD monitoring daemon...
         Starting Apply the settings specified in cloud-config...
[[0;32m  OK  [0m] Started ACPI event daemon.
[[0;32m  OK  [0m] Started Deferred execution scheduler.
[[0;32m  OK  [0m] Started D-Bus System Message Bus.
[   49.876336] cloud-init[1138]: Cloud-init v. 17.1 running 'modules:config' at Wed, 14 Mar 2018 13:55:20 +0000. Up 49.56 seconds.
[[0;32m  OK  [0m] Started Unattended Upgrades Shutdown.
         Starting Login Service...
         Starting OpenBSD Secure Shell server...
[[0;32m  OK  [0m] Started FUSE filesystem for LXC.
         Starting MySQL Community Server...
[[0;32m  OK  [0m] Started Regular background program processing daemon.
         Starting vboxadd.service...
         Starting LSB: Record successful boot for GRUB...
         Starting vboxadd-x11.service...
         Starting LXD - container startup/shutdown...
[[0;32m  OK  [0m] Started System Logging Service.
[[0;32m  OK  [0m] Started iSCSI initiator daemon (iscsid).
[[0;32m  OK  [0m] Started /etc/rc.local Compatibility.
[[0;32m  OK  [0m] Started Apply the settings specified in cloud-config.
[[0;32m  OK  [0m] Started vboxadd-x11.service.
[[0;32m  OK  [0m] Started Login Service.
         Starting Authenticate and Authorize Users to Run Privileged Tasks...
         Starting Login to default iSCSI targets...
[[0;32m  OK  [0m] Started LSB: MD monitoring daemon.
[[0;32m  OK  [0m] Started LSB: Record successful boot for GRUB.
[[0;32m  OK  [0m] Started OpenBSD Secure Shell server.
[[0;32m  OK  [0m] Started vboxadd.service.
[[0;32m  OK  [0m] Started Authenticate and Authorize Users to Run Privileged Tasks.
[[0;32m  OK  [0m] Started Login to default iSCSI targets.
[[0;32m  OK  [0m] Started Accounts Service.
[[0;32m  OK  [0m] Reached target Remote File Systems (Pre).
[[0;32m  OK  [0m] Reached target Remote File Systems.
         Starting LSB: Set the CPU Frequency Scaling governor to "ondemand"...
         Starting LSB: automatic crash report generation...
         Starting LSB: daemon to balance interrupts for SMP systems...
         Starting Permit User Sessions...
         Starting vboxadd-service.service...
[[0;32m  OK  [0m] Started Permit User Sessions.
[[0;32m  OK  [0m] Started A high performance web server and a reverse proxy server.
[[0;32m  OK  [0m] Started LSB: Set the CPU Frequency Scaling governor to "ondemand".
         Starting Hold until boot process finishes up...
         Starting Terminate Plymouth Boot Screen...
[[0;32m  OK  [0m] Started LSB: automatic crash report generation.
[[0;32m  OK  [0m] Started Hold until boot process finishes up.
[[0;32m  OK  [0m] Started Terminate Plymouth Boot Screen.
[[0;32m  OK  [0m] Started LSB: daemon to balance interrupts for SMP systems.
         Starting Set console scheme...
[[0;32m  OK  [0m] Started Serial Getty on ttyS0.
[[0;32m  OK  [0m] Started Getty on tty1.
[[0;32m  OK  [0m] Reached target Login Prompts.
[[0;32m  OK  [0m] Started vboxadd-service.service.
[[0;32m  OK  [0m] Started Set console scheme.
[[0;32m  OK  [0m] Started Snappy daemon.
[[0;32m  OK  [0m] Created slice User Slice of ubuntu.
         Starting User Manager for UID 1000...
[[0;32m  OK  [0m] Started Session 1 of user ubuntu.
[[0;32m  OK  [0m] Started The PHP 7.0 FastCGI Process Manager.
[[0;32m  OK  [0m] Started User Manager for UID 1000.
[[0;32m  OK  [0m] Started LXD - container startup/shutdown.
[[0;32m  OK  [0m] Started MySQL Community Server.
[[0;32m  OK  [0m] Reached target Multi-User System.
         Starting Execute cloud user/final scripts...
[[0;32m  OK  [0m] Reached target Graphical Interface.
         Starting Update UTMP about System Runlevel Changes...
[[0;32m  OK  [0m] Started Update UTMP about System Runlevel Changes.
[   56.768718] cloud-init[1524]: Cloud-init v. 17.1 running 'modules:final' at Wed, 14 Mar 2018 13:55:27 +0000. Up 56.63 seconds.
[   56.856469] [cloud-init[0;32m  OK  [0m[1524]: ] Cloud-init v. 17.1 finished at Wed, 14 Mar 2018 13:55:27 +0000. Datasource DataSourceNoCloud [seed=/dev/sdb][dsmode=net].  Up 56.76 secondsStarted Execute cloud user/final scripts.

[[0;32m  OK  [0m] Reached target Cloud-init target.

Ubuntu 16.04.3 LTS nginx ttyS0

nginx login: 